E, [2016-03-09T23:17:00.593870 #13708] ERROR -- Kitchen: ------Exception-------
E, [2016-03-09T23:17:00.593962 #13708] ERROR -- Kitchen: Class: Kitchen::UserError
E, [2016-03-09T23:17:00.593980 #13708] ERROR -- Kitchen: Message: Kitchen YAML file /Users/Tony/learningchef/chap09/chef-repo/.kitchen.yml does not exist.
E, [2016-03-09T23:17:00.593994 #13708] ERROR -- Kitchen: ------Backtrace-------
E, [2016-03-09T23:17:00.594006 #13708] ERROR -- Kitchen: /Library/Ruby/Gems/2.0.0/gems/test-kitchen-1.6.0/lib/kitchen/loader/yaml.rb:74:in `read'
E, [2016-03-09T23:17:00.594018 #13708] ERROR -- Kitchen: /Library/Ruby/Gems/2.0.0/gems/test-kitchen-1.6.0/lib/kitchen/config.rb:149:in `data'
E, [2016-03-09T23:17:00.594030 #13708] ERROR -- Kitchen: /Library/Ruby/Gems/2.0.0/gems/test-kitchen-1.6.0/lib/kitchen/config.rb:128:in `suites'
E, [2016-03-09T23:17:00.594042 #13708] ERROR -- Kitchen: /Library/Ruby/Gems/2.0.0/gems/test-kitchen-1.6.0/lib/kitchen/config.rb:179:in `filter_instances'
E, [2016-03-09T23:17:00.594053 #13708] ERROR -- Kitchen: /Library/Ruby/Gems/2.0.0/gems/test-kitchen-1.6.0/lib/kitchen/config.rb:138:in `build_instances'
E, [2016-03-09T23:17:00.594065 #13708] ERROR -- Kitchen: /Library/Ruby/Gems/2.0.0/gems/test-kitchen-1.6.0/lib/kitchen/config.rb:114:in `instances'
E, [2016-03-09T23:17:00.594076 #13708] ERROR -- Kitchen: /Library/Ruby/Gems/2.0.0/gems/test-kitchen-1.6.0/lib/kitchen/command.rb:115:in `filtered_instances'
E, [2016-03-09T23:17:00.594097 #13708] ERROR -- Kitchen: /Library/Ruby/Gems/2.0.0/gems/test-kitchen-1.6.0/lib/kitchen/command.rb:145:in `parse_subcommand'
E, [2016-03-09T23:17:00.594108 #13708] ERROR -- Kitchen: /Library/Ruby/Gems/2.0.0/gems/test-kitchen-1.6.0/lib/kitchen/command/list.rb:32:in `call'
E, [2016-03-09T23:17:00.594119 #13708] ERROR -- Kitchen: /Library/Ruby/Gems/2.0.0/gems/test-kitchen-1.6.0/lib/kitchen/cli.rb:56:in `perform'
E, [2016-03-09T23:17:00.594131 #13708] ERROR -- Kitchen: /Library/Ruby/Gems/2.0.0/gems/test-kitchen-1.6.0/lib/kitchen/cli.rb:116:in `list'
E, [2016-03-09T23:17:00.594142 #13708] ERROR -- Kitchen: /Library/Ruby/Gems/2.0.0/gems/thor-0.19.1/lib/thor/command.rb:27:in `run'
E, [2016-03-09T23:17:00.594153 #13708] ERROR -- Kitchen: /Library/Ruby/Gems/2.0.0/gems/thor-0.19.1/lib/thor/invocation.rb:126:in `invoke_command'
E, [2016-03-09T23:17:00.594164 #13708] ERROR -- Kitchen: /Library/Ruby/Gems/2.0.0/gems/test-kitchen-1.6.0/lib/kitchen/cli.rb:321:in `invoke_task'
E, [2016-03-09T23:17:00.594175 #13708] ERROR -- Kitchen: /Library/Ruby/Gems/2.0.0/gems/thor-0.19.1/lib/thor.rb:359:in `dispatch'
E, [2016-03-09T23:17:00.594186 #13708] ERROR -- Kitchen: /Library/Ruby/Gems/2.0.0/gems/thor-0.19.1/lib/thor/base.rb:440:in `start'
E, [2016-03-09T23:17:00.594197 #13708] ERROR -- Kitchen: /Library/Ruby/Gems/2.0.0/gems/test-kitchen-1.6.0/bin/kitchen:13:in `block in <top (required)>'
E, [2016-03-09T23:17:00.594208 #13708] ERROR -- Kitchen: /Library/Ruby/Gems/2.0.0/gems/test-kitchen-1.6.0/lib/kitchen/errors.rb:154:in `with_friendly_errors'
E, [2016-03-09T23:17:00.594219 #13708] ERROR -- Kitchen: /Library/Ruby/Gems/2.0.0/gems/test-kitchen-1.6.0/bin/kitchen:13:in `<top (required)>'
E, [2016-03-09T23:17:00.594230 #13708] ERROR -- Kitchen: /usr/local/bin/kitchen:23:in `load'
E, [2016-03-09T23:17:00.594240 #13708] ERROR -- Kitchen: /usr/local/bin/kitchen:23:in `<main>'
E, [2016-03-09T23:17:00.594251 #13708] ERROR -- Kitchen: ----------------------
