E, [2016-03-11T08:31:35.236079 #15740] ERROR -- Kitchen: ------Exception-------
E, [2016-03-11T08:31:35.236195 #15740] ERROR -- Kitchen: Class: Kitchen::UserError
E, [2016-03-11T08:31:35.236255 #15740] ERROR -- Kitchen: Message: Kitchen YAML file /Users/Tony/learningchef/chap09/chef-repo/cookbooks/.kitchen.yml does not exist.
E, [2016-03-11T08:31:35.236278 #15740] ERROR -- Kitchen: ------Backtrace-------
E, [2016-03-11T08:31:35.236295 #15740] ERROR -- Kitchen: /Library/Ruby/Gems/2.0.0/gems/test-kitchen-1.6.0/lib/kitchen/loader/yaml.rb:74:in `read'
E, [2016-03-11T08:31:35.236311 #15740] ERROR -- Kitchen: /Library/Ruby/Gems/2.0.0/gems/test-kitchen-1.6.0/lib/kitchen/config.rb:149:in `data'
E, [2016-03-11T08:31:35.236326 #15740] ERROR -- Kitchen: /Library/Ruby/Gems/2.0.0/gems/test-kitchen-1.6.0/lib/kitchen/config.rb:128:in `suites'
E, [2016-03-11T08:31:35.236341 #15740] ERROR -- Kitchen: /Library/Ruby/Gems/2.0.0/gems/test-kitchen-1.6.0/lib/kitchen/config.rb:179:in `filter_instances'
E, [2016-03-11T08:31:35.236359 #15740] ERROR -- Kitchen: /Library/Ruby/Gems/2.0.0/gems/test-kitchen-1.6.0/lib/kitchen/config.rb:138:in `build_instances'
E, [2016-03-11T08:31:35.236376 #15740] ERROR -- Kitchen: /Library/Ruby/Gems/2.0.0/gems/test-kitchen-1.6.0/lib/kitchen/config.rb:114:in `instances'
E, [2016-03-11T08:31:35.236390 #15740] ERROR -- Kitchen: /Library/Ruby/Gems/2.0.0/gems/test-kitchen-1.6.0/lib/kitchen/command.rb:115:in `filtered_instances'
E, [2016-03-11T08:31:35.236419 #15740] ERROR -- Kitchen: /Library/Ruby/Gems/2.0.0/gems/test-kitchen-1.6.0/lib/kitchen/command.rb:145:in `parse_subcommand'
E, [2016-03-11T08:31:35.236432 #15740] ERROR -- Kitchen: /Library/Ruby/Gems/2.0.0/gems/test-kitchen-1.6.0/lib/kitchen/command/list.rb:32:in `call'
E, [2016-03-11T08:31:35.236444 #15740] ERROR -- Kitchen: /Library/Ruby/Gems/2.0.0/gems/test-kitchen-1.6.0/lib/kitchen/cli.rb:56:in `perform'
E, [2016-03-11T08:31:35.236457 #15740] ERROR -- Kitchen: /Library/Ruby/Gems/2.0.0/gems/test-kitchen-1.6.0/lib/kitchen/cli.rb:116:in `list'
E, [2016-03-11T08:31:35.236470 #15740] ERROR -- Kitchen: /Library/Ruby/Gems/2.0.0/gems/thor-0.19.1/lib/thor/command.rb:27:in `run'
E, [2016-03-11T08:31:35.236483 #15740] ERROR -- Kitchen: /Library/Ruby/Gems/2.0.0/gems/thor-0.19.1/lib/thor/invocation.rb:126:in `invoke_command'
E, [2016-03-11T08:31:35.236498 #15740] ERROR -- Kitchen: /Library/Ruby/Gems/2.0.0/gems/test-kitchen-1.6.0/lib/kitchen/cli.rb:321:in `invoke_task'
E, [2016-03-11T08:31:35.236511 #15740] ERROR -- Kitchen: /Library/Ruby/Gems/2.0.0/gems/thor-0.19.1/lib/thor.rb:359:in `dispatch'
E, [2016-03-11T08:31:35.236524 #15740] ERROR -- Kitchen: /Library/Ruby/Gems/2.0.0/gems/thor-0.19.1/lib/thor/base.rb:440:in `start'
E, [2016-03-11T08:31:35.236537 #15740] ERROR -- Kitchen: /Library/Ruby/Gems/2.0.0/gems/test-kitchen-1.6.0/bin/kitchen:13:in `block in <top (required)>'
E, [2016-03-11T08:31:35.236550 #15740] ERROR -- Kitchen: /Library/Ruby/Gems/2.0.0/gems/test-kitchen-1.6.0/lib/kitchen/errors.rb:154:in `with_friendly_errors'
E, [2016-03-11T08:31:35.236562 #15740] ERROR -- Kitchen: /Library/Ruby/Gems/2.0.0/gems/test-kitchen-1.6.0/bin/kitchen:13:in `<top (required)>'
E, [2016-03-11T08:31:35.236587 #15740] ERROR -- Kitchen: /usr/local/bin/kitchen:23:in `load'
E, [2016-03-11T08:31:35.236601 #15740] ERROR -- Kitchen: /usr/local/bin/kitchen:23:in `<main>'
E, [2016-03-11T08:31:35.236615 #15740] ERROR -- Kitchen: ----------------------
